[2024-01-23 13:52:41] local.ERROR: View [welcome] not found. {"exception":"[object] (InvalidArgumentException(code: 0): View [welcome] not found. at /www/wwwroot/servicelokaryawan.salokapark.app/service_hris-lokaryawan/vendor/laravel/framework/src/Illuminate/View/FileViewFinder.php:137)
[stacktrace]
#0 /www/wwwroot/servicelokaryawan.salokapark.app/service_hris-lokaryawan/vendor/laravel/framework/src/Illuminate/View/FileViewFinder.php(79): Illuminate\\View\\FileViewFinder->findInPaths()
#1 /www/wwwroot/servicelokaryawan.salokapark.app/service_hris-lokaryawan/vendor/laravel/framework/src/Illuminate/View/Factory.php(138): Illuminate\\View\\FileViewFinder->find()
#2 /www/wwwroot/servicelokaryawan.salokapark.app/service_hris-lokaryawan/vendor/laravel/framework/src/Illuminate/Foundation/helpers.php(1035): Illuminate\\View\\Factory->make()
#3 laravel-serializable-closure://function () {
    return \\view('welcome');
}(3): view()
#4 /www/wwwroot/servicelokaryawan.salokapark.app/service_hris-lokaryawan/vendor/laravel/framework/src/Illuminate/Routing/CallableDispatcher.php(40): Illuminate\\Routing\\RouteFileRegistrar::{closure}()
#5 /www/wwwroot/servicelokaryawan.salokapark.app/service_hris-lokaryawan/vendor/laravel/framework/src/Illuminate/Routing/Route.php(237): Illuminate\\Routing\\CallableDispatcher->dispatch()
#6 /www/wwwroot/servicelokaryawan.salokapark.app/service_hris-lokaryawan/vendor/laravel/framework/src/Illuminate/Routing/Route.php(208): Illuminate\\Routing\\Route->runCallable()
#7 /www/wwwroot/servicelokaryawan.salokapark.app/service_hris-lokaryawan/vendor/laravel/framework/src/Illuminate/Routing/Router.php(798): Illuminate\\Routing\\Route->run()
#8 /www/wwwroot/servicelokaryawan.salokapark.app/service_hris-lokaryawan/vendor/laravel/framework/src/Illuminate/Pipeline/Pipeline.php(141): Illuminate\\Routing\\Router->Illuminate\\Routing\\{closure}()
#9 /www/wwwroot/servicelokaryawan.salokapark.app/service_hris-lokaryawan/vendor/laravel/framework/src/Illuminate/Routing/Middleware/SubstituteBindings.php(50): Illuminate\\Pipeline\\Pipeline->Illuminate\\Pipeline\\{closure}()
#10 /www/wwwroot/servicelokaryawan.salokapark.app/service_hris-lokaryawan/vendor/laravel/framework/src/Illuminate/Pipeline/Pipeline.php(180): Illuminate\\Routing\\Middleware\\SubstituteBindings->handle()
#11 /www/wwwroot/servicelokaryawan.salokapark.app/service_hris-lokaryawan/vendor/laravel/framework/src/Illuminate/Foundation/Http/Middleware/VerifyCsrfToken.php(78): Illuminate\\Pipeline\\Pipeline->Illuminate\\Pipeline\\{closure}()
#12 /www/wwwroot/servicelokaryawan.salokapark.app/service_hris-lokaryawan/vendor/laravel/framework/src/Illuminate/Pipeline/Pipeline.php(180): Illuminate\\Foundation\\Http\\Middleware\\VerifyCsrfToken->handle()
#13 /www/wwwroot/servicelokaryawan.salokapark.app/service_hris-lokaryawan/vendor/laravel/framework/src/Illuminate/View/Middleware/ShareErrorsFromSession.php(49): Illuminate\\Pipeline\\Pipeline->Illuminate\\Pipeline\\{closure}()
#14 /www/wwwroot/servicelokaryawan.salokapark.app/service_hris-lokaryawan/vendor/laravel/framework/src/Illuminate/Pipeline/Pipeline.php(180): Illuminate\\View\\Middleware\\ShareErrorsFromSession->handle()
#15 /www/wwwroot/servicelokaryawan.salokapark.app/service_hris-lokaryawan/vendor/laravel/framework/src/Illuminate/Session/Middleware/StartSession.php(121): Illuminate\\Pipeline\\Pipeline->Illuminate\\Pipeline\\{closure}()
#16 /www/wwwroot/servicelokaryawan.salokapark.app/service_hris-lokaryawan/vendor/laravel/framework/src/Illuminate/Session/Middleware/StartSession.php(64): Illuminate\\Session\\Middleware\\StartSession->handleStatefulRequest()
#17 /www/wwwroot/servicelokaryawan.salokapark.app/service_hris-lokaryawan/vendor/laravel/framework/src/Illuminate/Pipeline/Pipeline.php(180): Illuminate\\Session\\Middleware\\StartSession->handle()
#18 /www/wwwroot/servicelokaryawan.salokapark.app/service_hris-lokaryawan/vendor/laravel/framework/src/Illuminate/Cookie/Middleware/AddQueuedCookiesToResponse.php(37): Illuminate\\Pipeline\\Pipeline->Illuminate\\Pipeline\\{closure}()
#19 /www/wwwroot/servicelokaryawan.salokapark.app/service_hris-lokaryawan/vendor/laravel/framework/src/Illuminate/Pipeline/Pipeline.php(180): Illuminate\\Cookie\\Middleware\\AddQueuedCookiesToResponse->handle()
#20 /www/wwwroot/servicelokaryawan.salokapark.app/service_hris-lokaryawan/vendor/laravel/framework/src/Illuminate/Cookie/Middleware/EncryptCookies.php(67): Illuminate\\Pipeline\\Pipeline->Illuminate\\Pipeline\\{closure}()
#21 /www/wwwroot/servicelokaryawan.salokapark.app/service_hris-lokaryawan/vendor/laravel/framework/src/Illuminate/Pipeline/Pipeline.php(180): Illuminate\\Cookie\\Middleware\\EncryptCookies->handle()
#22 /www/wwwroot/servicelokaryawan.salokapark.app/service_hris-lokaryawan/vendor/laravel/framework/src/Illuminate/Pipeline/Pipeline.php(116): Illuminate\\Pipeline\\Pipeline->Illuminate\\Pipeline\\{closure}()
#23 /www/wwwroot/servicelokaryawan.salokapark.app/service_hris-lokaryawan/vendor/laravel/framework/src/Illuminate/Routing/Router.php(799): Illuminate\\Pipeline\\Pipeline->then()
#24 /www/wwwroot/servicelokaryawan.salokapark.app/service_hris-lokaryawan/vendor/laravel/framework/src/Illuminate/Routing/Router.php(776): Illuminate\\Routing\\Router->runRouteWithinStack()
#25 /www/wwwroot/servicelokaryawan.salokapark.app/service_hris-lokaryawan/vendor/laravel/framework/src/Illuminate/Routing/Router.php(740): Illuminate\\Routing\\Router->runRoute()
#26 /www/wwwroot/servicelokaryawan.salokapark.app/service_hris-lokaryawan/vendor/laravel/framework/src/Illuminate/Routing/Router.php(729): Illuminate\\Routing\\Router->dispatchToRoute()
#27 /www/wwwroot/servicelokaryawan.salokapark.app/service_hris-lokaryawan/vendor/laravel/framework/src/Illuminate/Foundation/Http/Kernel.php(190): Illuminate\\Routing\\Router->dispatch()
#28 /www/wwwroot/servicelokaryawan.salokapark.app/service_hris-lokaryawan/vendor/laravel/framework/src/Illuminate/Pipeline/Pipeline.php(141): Illuminate\\Foundation\\Http\\Kernel->Illuminate\\Foundation\\Http\\{closure}()
#29 /www/wwwroot/servicelokaryawan.salokapark.app/service_hris-lokaryawan/vendor/laravel/framework/src/Illuminate/Foundation/Http/Middleware/TransformsRequest.php(21): Illuminate\\Pipeline\\Pipeline->Illuminate\\Pipeline\\{closure}()
#30 /www/wwwroot/servicelokaryawan.salokapark.app/service_hris-lokaryawan/vendor/laravel/framework/src/Illuminate/Foundation/Http/Middleware/ConvertEmptyStringsToNull.php(31): Illuminate\\Foundation\\Http\\Middleware\\TransformsRequest->handle()
#31 /www/wwwroot/servicelokaryawan.salokapark.app/service_hris-lokaryawan/vendor/laravel/framework/src/Illuminate/Pipeline/Pipeline.php(180): Illuminate\\Foundation\\Http\\Middleware\\ConvertEmptyStringsToNull->handle()
#32 /www/wwwroot/servicelokaryawan.salokapark.app/service_hris-lokaryawan/vendor/laravel/framework/src/Illuminate/Foundation/Http/Middleware/TransformsRequest.php(21): Illuminate\\Pipeline\\Pipeline->Illuminate\\Pipeline\\{closure}()
#33 /www/wwwroot/servicelokaryawan.salokapark.app/service_hris-lokaryawan/vendor/laravel/framework/src/Illuminate/Foundation/Http/Middleware/TrimStrings.php(40): Illuminate\\Foundation\\Http\\Middleware\\TransformsRequest->handle()
#34 /www/wwwroot/servicelokaryawan.salokapark.app/service_hris-lokaryawan/vendor/laravel/framework/src/Illuminate/Pipeline/Pipeline.php(180): Illuminate\\Foundation\\Http\\Middleware\\TrimStrings->handle()
#35 /www/wwwroot/servicelokaryawan.salokapark.app/service_hris-lokaryawan/vendor/laravel/framework/src/Illuminate/Foundation/Http/Middleware/ValidatePostSize.php(27): Illuminate\\Pipeline\\Pipeline->Illuminate\\Pipeline\\{closure}()
#36 /www/wwwroot/servicelokaryawan.salokapark.app/service_hris-lokaryawan/vendor/laravel/framework/src/Illuminate/Pipeline/Pipeline.php(180): Illuminate\\Foundation\\Http\\Middleware\\ValidatePostSize->handle()
#37 /www/wwwroot/servicelokaryawan.salokapark.app/service_hris-lokaryawan/vendor/laravel/framework/src/Illuminate/Foundation/Http/Middleware/PreventRequestsDuringMaintenance.php(86): Illuminate\\Pipeline\\Pipeline->Illuminate\\Pipeline\\{closure}()
#38 /www/wwwroot/servicelokaryawan.salokapark.app/service_hris-lokaryawan/vendor/laravel/framework/src/Illuminate/Pipeline/Pipeline.php(180): Illuminate\\Foundation\\Http\\Middleware\\PreventRequestsDuringMaintenance->handle()
#39 /www/wwwroot/servicelokaryawan.salokapark.app/service_hris-lokaryawan/vendor/fruitcake/laravel-cors/src/HandleCors.php(38): Illuminate\\Pipeline\\Pipeline->Illuminate\\Pipeline\\{closure}()
#40 /www/wwwroot/servicelokaryawan.salokapark.app/service_hris-lokaryawan/vendor/laravel/framework/src/Illuminate/Pipeline/Pipeline.php(180): Fruitcake\\Cors\\HandleCors->handle()
#41 /www/wwwroot/servicelokaryawan.salokapark.app/service_hris-lokaryawan/vendor/laravel/framework/src/Illuminate/Http/Middleware/TrustProxies.php(39): Illuminate\\Pipeline\\Pipeline->Illuminate\\Pipeline\\{closure}()
#42 /www/wwwroot/servicelokaryawan.salokapark.app/service_hris-lokaryawan/vendor/laravel/framework/src/Illuminate/Pipeline/Pipeline.php(180): Illuminate\\Http\\Middleware\\TrustProxies->handle()
#43 /www/wwwroot/servicelokaryawan.salokapark.app/service_hris-lokaryawan/vendor/laravel/framework/src/Illuminate/Pipeline/Pipeline.php(116): Illuminate\\Pipeline\\Pipeline->Illuminate\\Pipeline\\{closure}()
#44 /www/wwwroot/servicelokaryawan.salokapark.app/service_hris-lokaryawan/vendor/laravel/framework/src/Illuminate/Foundation/Http/Kernel.php(165): Illuminate\\Pipeline\\Pipeline->then()
#45 /www/wwwroot/servicelokaryawan.salokapark.app/service_hris-lokaryawan/vendor/laravel/framework/src/Illuminate/Foundation/Http/Kernel.php(134): Illuminate\\Foundation\\Http\\Kernel->sendRequestThroughRouter()
#46 /www/wwwroot/servicelokaryawan.salokapark.app/service_hris-lokaryawan/public/index.php(52): Illuminate\\Foundation\\Http\\Kernel->handle()
#47 {main}
"} 
[2024-01-23 13:52:42] local.ERROR: file_put_contents(C:\Users\Asus\OneDrive\Documents\GitHub\service_hris-lokaryawan\storage\framework/sessions/XitbMoeF9WdF0fEOlNxHbk7D1Zjzy84k9gKf9RXf): Failed to open stream: No such file or directory {"exception":"[object] (ErrorException(code: 0): file_put_contents(C:\\Users\\Asus\\OneDrive\\Documents\\GitHub\\service_hris-lokaryawan\\storage\\framework/sessions/XitbMoeF9WdF0fEOlNxHbk7D1Zjzy84k9gKf9RXf): Failed to open stream: No such file or directory at /www/wwwroot/servicelokaryawan.salokapark.app/service_hris-lokaryawan/vendor/laravel/framework/src/Illuminate/Filesystem/Filesystem.php:190)
[stacktrace]
#0 /www/wwwroot/servicelokaryawan.salokapark.app/service_hris-lokaryawan/vendor/laravel/framework/src/Illuminate/Foundation/Bootstrap/HandleExceptions.php(270): Illuminate\\Foundation\\Bootstrap\\HandleExceptions->handleError()
#1 [internal function]: Illuminate\\Foundation\\Bootstrap\\HandleExceptions->Illuminate\\Foundation\\Bootstrap\\{closure}()
#2 /www/wwwroot/servicelokaryawan.salokapark.app/service_hris-lokaryawan/vendor/laravel/framework/src/Illuminate/Filesystem/Filesystem.php(190): file_put_contents()
#3 /www/wwwroot/servicelokaryawan.salokapark.app/service_hris-lokaryawan/vendor/laravel/framework/src/Illuminate/Session/FileSessionHandler.php(90): Illuminate\\Filesystem\\Filesystem->put()
#4 /www/wwwroot/servicelokaryawan.salokapark.app/service_hris-lokaryawan/vendor/laravel/framework/src/Illuminate/Session/Store.php(173): Illuminate\\Session\\FileSessionHandler->write()
#5 /www/wwwroot/servicelokaryawan.salokapark.app/service_hris-lokaryawan/vendor/laravel/framework/src/Illuminate/Session/Middleware/StartSession.php(238): Illuminate\\Session\\Store->save()
#6 /www/wwwroot/servicelokaryawan.salokapark.app/service_hris-lokaryawan/vendor/laravel/framework/src/Illuminate/Session/Middleware/StartSession.php(130): Illuminate\\Session\\Middleware\\StartSession->saveSession()
#7 /www/wwwroot/servicelokaryawan.salokapark.app/service_hris-lokaryawan/vendor/laravel/framework/src/Illuminate/Session/Middleware/StartSession.php(64): Illuminate\\Session\\Middleware\\StartSession->handleStatefulRequest()
#8 /www/wwwroot/servicelokaryawan.salokapark.app/service_hris-lokaryawan/vendor/laravel/framework/src/Illuminate/Pipeline/Pipeline.php(180): Illuminate\\Session\\Middleware\\StartSession->handle()
#9 /www/wwwroot/servicelokaryawan.salokapark.app/service_hris-lokaryawan/vendor/laravel/framework/src/Illuminate/Cookie/Middleware/AddQueuedCookiesToResponse.php(37): Illuminate\\Pipeline\\Pipeline->Illuminate\\Pipeline\\{closure}()
#10 /www/wwwroot/servicelokaryawan.salokapark.app/service_hris-lokaryawan/vendor/laravel/framework/src/Illuminate/Pipeline/Pipeline.php(180): Illuminate\\Cookie\\Middleware\\AddQueuedCookiesToResponse->handle()
#11 /www/wwwroot/servicelokaryawan.salokapark.app/service_hris-lokaryawan/vendor/laravel/framework/src/Illuminate/Cookie/Middleware/EncryptCookies.php(67): Illuminate\\Pipeline\\Pipeline->Illuminate\\Pipeline\\{closure}()
#12 /www/wwwroot/servicelokaryawan.salokapark.app/service_hris-lokaryawan/vendor/laravel/framework/src/Illuminate/Pipeline/Pipeline.php(180): Illuminate\\Cookie\\Middleware\\EncryptCookies->handle()
#13 /www/wwwroot/servicelokaryawan.salokapark.app/service_hris-lokaryawan/vendor/laravel/framework/src/Illuminate/Pipeline/Pipeline.php(116): Illuminate\\Pipeline\\Pipeline->Illuminate\\Pipeline\\{closure}()
#14 /www/wwwroot/servicelokaryawan.salokapark.app/service_hris-lokaryawan/vendor/laravel/framework/src/Illuminate/Routing/Router.php(799): Illuminate\\Pipeline\\Pipeline->then()
#15 /www/wwwroot/servicelokaryawan.salokapark.app/service_hris-lokaryawan/vendor/laravel/framework/src/Illuminate/Routing/Router.php(776): Illuminate\\Routing\\Router->runRouteWithinStack()
#16 /www/wwwroot/servicelokaryawan.salokapark.app/service_hris-lokaryawan/vendor/laravel/framework/src/Illuminate/Routing/Router.php(740): Illuminate\\Routing\\Router->runRoute()
#17 /www/wwwroot/servicelokaryawan.salokapark.app/service_hris-lokaryawan/vendor/laravel/framework/src/Illuminate/Routing/Router.php(729): Illuminate\\Routing\\Router->dispatchToRoute()
#18 /www/wwwroot/servicelokaryawan.salokapark.app/service_hris-lokaryawan/vendor/laravel/framework/src/Illuminate/Foundation/Http/Kernel.php(190): Illuminate\\Routing\\Router->dispatch()
#19 /www/wwwroot/servicelokaryawan.salokapark.app/service_hris-lokaryawan/vendor/laravel/framework/src/Illuminate/Pipeline/Pipeline.php(141): Illuminate\\Foundation\\Http\\Kernel->Illuminate\\Foundation\\Http\\{closure}()
#20 /www/wwwroot/servicelokaryawan.salokapark.app/service_hris-lokaryawan/vendor/laravel/framework/src/Illuminate/Foundation/Http/Middleware/TransformsRequest.php(21): Illuminate\\Pipeline\\Pipeline->Illuminate\\Pipeline\\{closure}()
#21 /www/wwwroot/servicelokaryawan.salokapark.app/service_hris-lokaryawan/vendor/laravel/framework/src/Illuminate/Foundation/Http/Middleware/ConvertEmptyStringsToNull.php(31): Illuminate\\Foundation\\Http\\Middleware\\TransformsRequest->handle()
#22 /www/wwwroot/servicelokaryawan.salokapark.app/service_hris-lokaryawan/vendor/laravel/framework/src/Illuminate/Pipeline/Pipeline.php(180): Illuminate\\Foundation\\Http\\Middleware\\ConvertEmptyStringsToNull->handle()
#23 /www/wwwroot/servicelokaryawan.salokapark.app/service_hris-lokaryawan/vendor/laravel/framework/src/Illuminate/Foundation/Http/Middleware/TransformsRequest.php(21): Illuminate\\Pipeline\\Pipeline->Illuminate\\Pipeline\\{closure}()
#24 /www/wwwroot/servicelokaryawan.salokapark.app/service_hris-lokaryawan/vendor/laravel/framework/src/Illuminate/Foundation/Http/Middleware/TrimStrings.php(40): Illuminate\\Foundation\\Http\\Middleware\\TransformsRequest->handle()
#25 /www/wwwroot/servicelokaryawan.salokapark.app/service_hris-lokaryawan/vendor/laravel/framework/src/Illuminate/Pipeline/Pipeline.php(180): Illuminate\\Foundation\\Http\\Middleware\\TrimStrings->handle()
#26 /www/wwwroot/servicelokaryawan.salokapark.app/service_hris-lokaryawan/vendor/laravel/framework/src/Illuminate/Foundation/Http/Middleware/ValidatePostSize.php(27): Illuminate\\Pipeline\\Pipeline->Illuminate\\Pipeline\\{closure}()
#27 /www/wwwroot/servicelokaryawan.salokapark.app/service_hris-lokaryawan/vendor/laravel/framework/src/Illuminate/Pipeline/Pipeline.php(180): Illuminate\\Foundation\\Http\\Middleware\\ValidatePostSize->handle()
#28 /www/wwwroot/servicelokaryawan.salokapark.app/service_hris-lokaryawan/vendor/laravel/framework/src/Illuminate/Foundation/Http/Middleware/PreventRequestsDuringMaintenance.php(86): Illuminate\\Pipeline\\Pipeline->Illuminate\\Pipeline\\{closure}()
#29 /www/wwwroot/servicelokaryawan.salokapark.app/service_hris-lokaryawan/vendor/laravel/framework/src/Illuminate/Pipeline/Pipeline.php(180): Illuminate\\Foundation\\Http\\Middleware\\PreventRequestsDuringMaintenance->handle()
#30 /www/wwwroot/servicelokaryawan.salokapark.app/service_hris-lokaryawan/vendor/fruitcake/laravel-cors/src/HandleCors.php(38): Illuminate\\Pipeline\\Pipeline->Illuminate\\Pipeline\\{closure}()
#31 /www/wwwroot/servicelokaryawan.salokapark.app/service_hris-lokaryawan/vendor/laravel/framework/src/Illuminate/Pipeline/Pipeline.php(180): Fruitcake\\Cors\\HandleCors->handle()
#32 /www/wwwroot/servicelokaryawan.salokapark.app/service_hris-lokaryawan/vendor/laravel/framework/src/Illuminate/Http/Middleware/TrustProxies.php(39): Illuminate\\Pipeline\\Pipeline->Illuminate\\Pipeline\\{closure}()
#33 /www/wwwroot/servicelokaryawan.salokapark.app/service_hris-lokaryawan/vendor/laravel/framework/src/Illuminate/Pipeline/Pipeline.php(180): Illuminate\\Http\\Middleware\\TrustProxies->handle()
#34 /www/wwwroot/servicelokaryawan.salokapark.app/service_hris-lokaryawan/vendor/laravel/framework/src/Illuminate/Pipeline/Pipeline.php(116): Illuminate\\Pipeline\\Pipeline->Illuminate\\Pipeline\\{closure}()
#35 /www/wwwroot/servicelokaryawan.salokapark.app/service_hris-lokaryawan/vendor/laravel/framework/src/Illuminate/Foundation/Http/Kernel.php(165): Illuminate\\Pipeline\\Pipeline->then()
#36 /www/wwwroot/servicelokaryawan.salokapark.app/service_hris-lokaryawan/vendor/laravel/framework/src/Illuminate/Foundation/Http/Kernel.php(134): Illuminate\\Foundation\\Http\\Kernel->sendRequestThroughRouter()
#37 /www/wwwroot/servicelokaryawan.salokapark.app/service_hris-lokaryawan/public/index.php(52): Illuminate\\Foundation\\Http\\Kernel->handle()
#38 {main}
"} 
